{"C:\\laragon\\www\\REACT-FernandoHerrera\\JavaScript-TypeScript\\03-first-steps-testing\\src\\FirstStepsApp.tsx": {"path":"C:\\laragon\\www\\REACT-FernandoHerrera\\JavaScript-TypeScript\\03-first-steps-testing\\src\\FirstStepsApp.tsx","all":false,"statementMap":{"0":{"start":{"line":1,"column":0},"end":{"line":1,"column":58}},"7":{"start":{"line":8,"column":0},"end":{"line":8,"column":35}},"8":{"start":{"line":9,"column":0},"end":{"line":9,"column":52}},"9":{"start":{"line":10,"column":0},"end":{"line":10,"column":48}},"10":{"start":{"line":11,"column":0},"end":{"line":11,"column":60}},"11":{"start":{"line":12,"column":0},"end":{"line":12,"column":52}},"12":{"start":{"line":13,"column":0},"end":{"line":13,"column":1}},"14":{"start":{"line":15,"column":0},"end":{"line":15,"column":32}},"15":{"start":{"line":16,"column":0},"end":{"line":16,"column":12}},"16":{"start":{"line":17,"column":0},"end":{"line":17,"column":10}},"27":{"start":{"line":28,"column":0},"end":{"line":28,"column":39}},"31":{"start":{"line":32,"column":0},"end":{"line":32,"column":58}},"32":{"start":{"line":33,"column":0},"end":{"line":33,"column":88}},"36":{"start":{"line":37,"column":0},"end":{"line":37,"column":1}}},"s":{"0":1,"7":1,"8":1,"9":1,"10":1,"11":1,"12":1,"14":1,"15":3,"16":3,"27":3,"31":3,"32":3,"36":3},"branchMap":{"0":{"type":"branch","line":15,"loc":{"start":{"line":15,"column":7},"end":{"line":37,"column":1}},"locations":[{"start":{"line":15,"column":7},"end":{"line":37,"column":1}}]}},"b":{"0":[3]},"fnMap":{"0":{"name":"FirstStepsApp","decl":{"start":{"line":15,"column":7},"end":{"line":37,"column":1}},"loc":{"start":{"line":15,"column":7},"end":{"line":37,"column":1}},"line":15}},"f":{"0":3}}
,"C:\\laragon\\www\\REACT-FernandoHerrera\\JavaScript-TypeScript\\03-first-steps-testing\\src\\MyAwesomeApp.tsx": {"path":"C:\\laragon\\www\\REACT-FernandoHerrera\\JavaScript-TypeScript\\03-first-steps-testing\\src\\MyAwesomeApp.tsx","all":false,"statementMap":{"2":{"start":{"line":3,"column":0},"end":{"line":3,"column":32}},"3":{"start":{"line":4,"column":0},"end":{"line":4,"column":33}},"4":{"start":{"line":5,"column":0},"end":{"line":5,"column":29}},"7":{"start":{"line":8,"column":0},"end":{"line":8,"column":56}},"8":{"start":{"line":9,"column":0},"end":{"line":9,"column":27}},"10":{"start":{"line":11,"column":0},"end":{"line":11,"column":21}},"11":{"start":{"line":12,"column":0},"end":{"line":12,"column":23}},"12":{"start":{"line":13,"column":0},"end":{"line":13,"column":25}},"13":{"start":{"line":14,"column":0},"end":{"line":14,"column":5}},"15":{"start":{"line":16,"column":0},"end":{"line":16,"column":37}},"16":{"start":{"line":17,"column":0},"end":{"line":17,"column":35}},"17":{"start":{"line":18,"column":0},"end":{"line":18,"column":25}},"18":{"start":{"line":19,"column":0},"end":{"line":19,"column":20}},"19":{"start":{"line":20,"column":0},"end":{"line":20,"column":5}},"21":{"start":{"line":22,"column":0},"end":{"line":22,"column":13}},"22":{"start":{"line":23,"column":0},"end":{"line":23,"column":10}},"23":{"start":{"line":24,"column":0},"end":{"line":24,"column":13}},"25":{"start":{"line":26,"column":0},"end":{"line":26,"column":57}},"26":{"start":{"line":27,"column":0},"end":{"line":27,"column":31}},"28":{"start":{"line":29,"column":0},"end":{"line":29,"column":44}},"29":{"start":{"line":30,"column":0},"end":{"line":30,"column":43}},"31":{"start":{"line":32,"column":0},"end":{"line":32,"column":56}},"33":{"start":{"line":34,"column":0},"end":{"line":34,"column":63}},"38":{"start":{"line":39,"column":0},"end":{"line":39,"column":1}}},"s":{"2":1,"3":3,"4":3,"7":3,"8":3,"10":3,"11":3,"12":3,"13":3,"15":3,"16":3,"17":3,"18":3,"19":3,"21":3,"22":3,"23":3,"25":3,"26":3,"28":3,"29":3,"31":3,"33":3,"38":3},"branchMap":{"0":{"type":"branch","line":3,"loc":{"start":{"line":3,"column":26},"end":{"line":39,"column":1}},"locations":[{"start":{"line":3,"column":26},"end":{"line":39,"column":1}}]},"1":{"type":"branch","line":32,"loc":{"start":{"line":32,"column":17},"end":{"line":32,"column":39}},"locations":[{"start":{"line":32,"column":17},"end":{"line":32,"column":39}}]}},"b":{"0":[3],"1":[0]},"fnMap":{"0":{"name":"AwesomeApp","decl":{"start":{"line":3,"column":26},"end":{"line":39,"column":1}},"loc":{"start":{"line":3,"column":26},"end":{"line":39,"column":1}},"line":3}},"f":{"0":3}}
,"C:\\laragon\\www\\REACT-FernandoHerrera\\JavaScript-TypeScript\\03-first-steps-testing\\src\\main.tsx": {"path":"C:\\laragon\\www\\REACT-FernandoHerrera\\JavaScript-TypeScript\\03-first-steps-testing\\src\\main.tsx","all":true,"statementMap":{"0":{"start":{"line":1,"column":0},"end":{"line":1,"column":34}},"1":{"start":{"line":2,"column":0},"end":{"line":2,"column":45}},"2":{"start":{"line":3,"column":0},"end":{"line":3,"column":47}},"5":{"start":{"line":6,"column":0},"end":{"line":6,"column":52}},"6":{"start":{"line":7,"column":0},"end":{"line":7,"column":14}},"7":{"start":{"line":8,"column":0},"end":{"line":8,"column":21}}},"s":{"0":0,"1":0,"2":0,"5":0,"6":0,"7":0},"branchMap":{"0":{"type":"branch","line":1,"loc":{"start":{"line":1,"column":307},"end":{"line":11,"column":1}},"locations":[{"start":{"line":1,"column":307},"end":{"line":11,"column":1}}]}},"b":{"0":[0]},"fnMap":{"0":{"name":"(empty-report)","decl":{"start":{"line":1,"column":307},"end":{"line":11,"column":1}},"loc":{"start":{"line":1,"column":307},"end":{"line":11,"column":1}},"line":1}},"f":{"0":0}}
,"C:\\laragon\\www\\REACT-FernandoHerrera\\JavaScript-TypeScript\\03-first-steps-testing\\src\\helpers\\math.helper.ts": {"path":"C:\\laragon\\www\\REACT-FernandoHerrera\\JavaScript-TypeScript\\03-first-steps-testing\\src\\helpers\\math.helper.ts","all":false,"statementMap":{"0":{"start":{"line":1,"column":0},"end":{"line":1,"column":46}},"1":{"start":{"line":2,"column":0},"end":{"line":2,"column":21}},"2":{"start":{"line":3,"column":0},"end":{"line":3,"column":1}},"3":{"start":{"line":4,"column":0},"end":{"line":4,"column":52}},"4":{"start":{"line":5,"column":0},"end":{"line":5,"column":18}},"5":{"start":{"line":6,"column":0},"end":{"line":6,"column":1}},"6":{"start":{"line":7,"column":0},"end":{"line":7,"column":51}},"7":{"start":{"line":8,"column":0},"end":{"line":8,"column":17}},"8":{"start":{"line":9,"column":0},"end":{"line":9,"column":1}},"9":{"start":{"line":10,"column":0},"end":{"line":10,"column":49}},"10":{"start":{"line":11,"column":0},"end":{"line":11,"column":17}},"12":{"start":{"line":13,"column":0},"end":{"line":13,"column":1}}},"s":{"0":1,"1":1,"2":1,"3":1,"4":1,"5":1,"6":1,"7":1,"8":1,"9":1,"10":1,"12":1},"branchMap":{"0":{"type":"branch","line":1,"loc":{"start":{"line":1,"column":19},"end":{"line":3,"column":1}},"locations":[{"start":{"line":1,"column":19},"end":{"line":3,"column":1}}]},"1":{"type":"branch","line":4,"loc":{"start":{"line":4,"column":25},"end":{"line":6,"column":1}},"locations":[{"start":{"line":4,"column":25},"end":{"line":6,"column":1}}]},"2":{"type":"branch","line":7,"loc":{"start":{"line":7,"column":24},"end":{"line":9,"column":1}},"locations":[{"start":{"line":7,"column":24},"end":{"line":9,"column":1}}]},"3":{"type":"branch","line":10,"loc":{"start":{"line":10,"column":22},"end":{"line":13,"column":1}},"locations":[{"start":{"line":10,"column":22},"end":{"line":13,"column":1}}]}},"b":{"0":[1],"1":[1],"2":[1],"3":[1]},"fnMap":{"0":{"name":"add","decl":{"start":{"line":1,"column":19},"end":{"line":3,"column":1}},"loc":{"start":{"line":1,"column":19},"end":{"line":3,"column":1}},"line":1},"1":{"name":"substract","decl":{"start":{"line":4,"column":25},"end":{"line":6,"column":1}},"loc":{"start":{"line":4,"column":25},"end":{"line":6,"column":1}},"line":4},"2":{"name":"multiply","decl":{"start":{"line":7,"column":24},"end":{"line":9,"column":1}},"loc":{"start":{"line":7,"column":24},"end":{"line":9,"column":1}},"line":7},"3":{"name":"divide","decl":{"start":{"line":10,"column":22},"end":{"line":13,"column":1}},"loc":{"start":{"line":10,"column":22},"end":{"line":13,"column":1}},"line":10}},"f":{"0":1,"1":1,"2":1,"3":1}}
,"C:\\laragon\\www\\REACT-FernandoHerrera\\JavaScript-TypeScript\\03-first-steps-testing\\src\\shopping-cart\\ItemCounter.tsx": {"path":"C:\\laragon\\www\\REACT-FernandoHerrera\\JavaScript-TypeScript\\03-first-steps-testing\\src\\shopping-cart\\ItemCounter.tsx","all":false,"statementMap":{"0":{"start":{"line":1,"column":0},"end":{"line":1,"column":33}},"3":{"start":{"line":4,"column":0},"end":{"line":4,"column":27}},"10":{"start":{"line":11,"column":0},"end":{"line":11,"column":54}},"11":{"start":{"line":12,"column":0},"end":{"line":12,"column":60}},"13":{"start":{"line":14,"column":0},"end":{"line":14,"column":48}},"15":{"start":{"line":16,"column":0},"end":{"line":16,"column":28}},"16":{"start":{"line":17,"column":0},"end":{"line":17,"column":26}},"18":{"start":{"line":19,"column":0},"end":{"line":19,"column":3}},"20":{"start":{"line":21,"column":0},"end":{"line":21,"column":27}},"21":{"start":{"line":22,"column":0},"end":{"line":22,"column":20}},"22":{"start":{"line":23,"column":0},"end":{"line":23,"column":13}},"23":{"start":{"line":24,"column":0},"end":{"line":24,"column":5}},"24":{"start":{"line":25,"column":0},"end":{"line":25,"column":23}},"25":{"start":{"line":26,"column":0},"end":{"line":26,"column":3}},"27":{"start":{"line":28,"column":0},"end":{"line":28,"column":28}},"28":{"start":{"line":29,"column":0},"end":{"line":29,"column":33}},"29":{"start":{"line":30,"column":0},"end":{"line":30,"column":3}},"31":{"start":{"line":32,"column":0},"end":{"line":32,"column":10}},"32":{"start":{"line":33,"column":0},"end":{"line":33,"column":13}},"33":{"start":{"line":34,"column":0},"end":{"line":34,"column":24}},"41":{"start":{"line":42,"column":0},"end":{"line":42,"column":96}},"42":{"start":{"line":43,"column":0},"end":{"line":43,"column":15}},"43":{"start":{"line":44,"column":0},"end":{"line":44,"column":28}},"44":{"start":{"line":45,"column":0},"end":{"line":45,"column":20}},"45":{"start":{"line":46,"column":0},"end":{"line":46,"column":28}},"46":{"start":{"line":47,"column":0},"end":{"line":47,"column":15}},"47":{"start":{"line":48,"column":0},"end":{"line":48,"column":23}},"48":{"start":{"line":49,"column":0},"end":{"line":49,"column":22}},"49":{"start":{"line":50,"column":0},"end":{"line":50,"column":10}},"50":{"start":{"line":51,"column":0},"end":{"line":51,"column":20}},"53":{"start":{"line":54,"column":0},"end":{"line":54,"column":1}}},"s":{"0":1,"3":1,"10":1,"11":1,"13":9,"15":9,"16":1,"18":1,"20":9,"21":2,"22":1,"23":1,"24":1,"25":1,"27":9,"28":0,"29":0,"31":9,"32":9,"33":9,"41":9,"42":9,"43":9,"44":9,"45":9,"46":9,"47":9,"48":1,"49":1,"50":9,"53":9},"branchMap":{"0":{"type":"branch","line":12,"loc":{"start":{"line":12,"column":27},"end":{"line":54,"column":1}},"locations":[{"start":{"line":12,"column":27},"end":{"line":54,"column":1}}]},"1":{"type":"branch","line":42,"loc":{"start":{"line":42,"column":61},"end":{"line":42,"column":73}},"locations":[{"start":{"line":42,"column":61},"end":{"line":42,"column":73}}]},"2":{"type":"branch","line":42,"loc":{"start":{"line":42,"column":65},"end":{"line":42,"column":80}},"locations":[{"start":{"line":42,"column":65},"end":{"line":42,"column":80}}]},"3":{"type":"branch","line":16,"loc":{"start":{"line":16,"column":20},"end":{"line":19,"column":3}},"locations":[{"start":{"line":16,"column":20},"end":{"line":19,"column":3}}]},"4":{"type":"branch","line":21,"loc":{"start":{"line":21,"column":21},"end":{"line":26,"column":3}},"locations":[{"start":{"line":21,"column":21},"end":{"line":26,"column":3}}]},"5":{"type":"branch","line":22,"loc":{"start":{"line":22,"column":19},"end":{"line":26,"column":3}},"locations":[{"start":{"line":22,"column":19},"end":{"line":26,"column":3}}]},"6":{"type":"branch","line":48,"loc":{"start":{"line":48,"column":17},"end":{"line":50,"column":10}},"locations":[{"start":{"line":48,"column":17},"end":{"line":50,"column":10}}]}},"b":{"0":[9],"1":[5],"2":[4],"3":[1],"4":[2],"5":[1],"6":[1]},"fnMap":{"0":{"name":"ItemCounter","decl":{"start":{"line":12,"column":27},"end":{"line":54,"column":1}},"loc":{"start":{"line":12,"column":27},"end":{"line":54,"column":1}},"line":12},"1":{"name":"handleAdd","decl":{"start":{"line":16,"column":20},"end":{"line":19,"column":3}},"loc":{"start":{"line":16,"column":20},"end":{"line":19,"column":3}},"line":16},"2":{"name":"handleRest","decl":{"start":{"line":21,"column":21},"end":{"line":26,"column":3}},"loc":{"start":{"line":21,"column":21},"end":{"line":26,"column":3}},"line":21},"3":{"name":"handleClick","decl":{"start":{"line":28,"column":22},"end":{"line":30,"column":3}},"loc":{"start":{"line":28,"column":22},"end":{"line":30,"column":3}},"line":28},"4":{"name":"onClick","decl":{"start":{"line":48,"column":17},"end":{"line":50,"column":10}},"loc":{"start":{"line":48,"column":17},"end":{"line":50,"column":10}},"line":48}},"f":{"0":9,"1":1,"2":2,"3":0,"4":1}}
}
