{"C:\\laragon\\www\\REACT-FernandoHerrera\\JavaScript-TypeScript\\05-gifs-app-seguimiento\\src\\GifsApp.tsx": {"path":"C:\\laragon\\www\\REACT-FernandoHerrera\\JavaScript-TypeScript\\05-gifs-app-seguimiento\\src\\GifsApp.tsx","statementMap":{"0":{"start":{"line":12,"column":23},"end":{"line":61,"column":null}},"1":{"start":{"line":36,"column":61},"end":{"line":36,"column":null}},"2":{"start":{"line":38,"column":2},"end":{"line":54,"column":null}}},"fnMap":{"0":{"name":"(anonymous_0)","decl":{"start":{"line":12,"column":23},"end":{"line":12,"column":null}},"loc":{"start":{"line":12,"column":23},"end":{"line":61,"column":null}},"line":12}},"branchMap":{},"s":{"0":1,"1":1,"2":1},"f":{"0":1},"b":{},"meta":{"lastBranch":0,"lastFunction":1,"lastStatement":3,"seen":{"s:12:23:61:Infinity":0,"f:12:23:12:Infinity":0,"s:36:61:36:Infinity":1,"s:38:2:54:Infinity":2}}}
,"C:\\laragon\\www\\REACT-FernandoHerrera\\JavaScript-TypeScript\\05-gifs-app-seguimiento\\src\\counter\\components\\MycounterApp.tsx": {"path":"C:\\laragon\\www\\REACT-FernandoHerrera\\JavaScript-TypeScript\\05-gifs-app-seguimiento\\src\\counter\\components\\MycounterApp.tsx","statementMap":{"0":{"start":{"line":3,"column":28},"end":{"line":31,"column":null}},"1":{"start":{"line":15,"column":60},"end":{"line":15,"column":null}},"2":{"start":{"line":19,"column":2},"end":{"line":27,"column":null}}},"fnMap":{"0":{"name":"(anonymous_0)","decl":{"start":{"line":3,"column":28},"end":{"line":3,"column":null}},"loc":{"start":{"line":3,"column":28},"end":{"line":31,"column":null}},"line":3}},"branchMap":{},"s":{"0":2,"1":7,"2":7},"f":{"0":7},"b":{},"meta":{"lastBranch":0,"lastFunction":1,"lastStatement":3,"seen":{"s:3:28:31:Infinity":0,"f:3:28:3:Infinity":0,"s:15:60:15:Infinity":1,"s:19:2:27:Infinity":2}}}
,"C:\\laragon\\www\\REACT-FernandoHerrera\\JavaScript-TypeScript\\05-gifs-app-seguimiento\\src\\counter\\hooks\\useCounter.tsx": {"path":"C:\\laragon\\www\\REACT-FernandoHerrera\\JavaScript-TypeScript\\05-gifs-app-seguimiento\\src\\counter\\hooks\\useCounter.tsx","statementMap":{"0":{"start":{"line":3,"column":19},"end":{"line":27,"column":null}},"1":{"start":{"line":5,"column":36},"end":{"line":5,"column":null}},"2":{"start":{"line":7,"column":26},"end":{"line":9,"column":null}},"3":{"start":{"line":8,"column":12},"end":{"line":8,"column":null}},"4":{"start":{"line":11,"column":32},"end":{"line":13,"column":null}},"5":{"start":{"line":12,"column":12},"end":{"line":12,"column":null}},"6":{"start":{"line":15,"column":28},"end":{"line":17,"column":null}},"7":{"start":{"line":16,"column":12},"end":{"line":16,"column":null}},"8":{"start":{"line":21,"column":2},"end":{"line":26,"column":null}}},"fnMap":{"0":{"name":"(anonymous_0)","decl":{"start":{"line":3,"column":19},"end":{"line":3,"column":20}},"loc":{"start":{"line":3,"column":44},"end":{"line":27,"column":null}},"line":3},"1":{"name":"(anonymous_1)","decl":{"start":{"line":7,"column":26},"end":{"line":7,"column":null}},"loc":{"start":{"line":7,"column":26},"end":{"line":9,"column":null}},"line":7},"2":{"name":"(anonymous_2)","decl":{"start":{"line":11,"column":32},"end":{"line":11,"column":null}},"loc":{"start":{"line":11,"column":32},"end":{"line":13,"column":null}},"line":11},"3":{"name":"(anonymous_3)","decl":{"start":{"line":15,"column":28},"end":{"line":15,"column":null}},"loc":{"start":{"line":15,"column":28},"end":{"line":17,"column":null}},"line":15}},"branchMap":{"0":{"loc":{"start":{"line":3,"column":20},"end":{"line":3,"column":44}},"type":"default-arg","locations":[{"start":{"line":3,"column":43},"end":{"line":3,"column":44}}],"line":3}},"s":{"0":2,"1":13,"2":13,"3":2,"4":13,"5":2,"6":13,"7":1,"8":13},"f":{"0":13,"1":2,"2":2,"3":1},"b":{"0":[13]},"meta":{"lastBranch":1,"lastFunction":4,"lastStatement":9,"seen":{"s:3:19:27:Infinity":0,"f:3:19:3:20":0,"b:3:43:3:44":0,"s:5:36:5:Infinity":1,"s:7:26:9:Infinity":2,"f:7:26:7:Infinity":1,"s:8:12:8:Infinity":3,"s:11:32:13:Infinity":4,"f:11:32:11:Infinity":2,"s:12:12:12:Infinity":5,"s:15:28:17:Infinity":6,"f:15:28:15:Infinity":3,"s:16:12:16:Infinity":7,"s:21:2:26:Infinity":8}}}
,"C:\\laragon\\www\\REACT-FernandoHerrera\\JavaScript-TypeScript\\05-gifs-app-seguimiento\\src\\gifs\\actions\\get-gifs-by-query.action.ts": {"path":"C:\\laragon\\www\\REACT-FernandoHerrera\\JavaScript-TypeScript\\05-gifs-app-seguimiento\\src\\gifs\\actions\\get-gifs-by-query.action.ts","statementMap":{"0":{"start":{"line":5,"column":30},"end":{"line":53,"column":null}},"1":{"start":{"line":8,"column":4},"end":{"line":10,"column":null}},"2":{"start":{"line":9,"column":8},"end":{"line":9,"column":null}},"3":{"start":{"line":27,"column":4},"end":{"line":49,"column":null}},"4":{"start":{"line":29,"column":29},"end":{"line":34,"column":null}},"5":{"start":{"line":36,"column":4},"end":{"line":36,"column":null}},"6":{"start":{"line":37,"column":4},"end":{"line":44,"column":null}},"7":{"start":{"line":37,"column":43},"end":{"line":44,"column":null}},"8":{"start":{"line":47,"column":8},"end":{"line":47,"column":null}},"9":{"start":{"line":48,"column":8},"end":{"line":48,"column":null}}},"fnMap":{"0":{"name":"(anonymous_0)","decl":{"start":{"line":5,"column":30},"end":{"line":5,"column":36}},"loc":{"start":{"line":5,"column":36},"end":{"line":53,"column":null}},"line":5},"1":{"name":"(anonymous_1)","decl":{"start":{"line":37,"column":34},"end":{"line":37,"column":35}},"loc":{"start":{"line":37,"column":43},"end":{"line":44,"column":null}},"line":37}},"branchMap":{"0":{"loc":{"start":{"line":8,"column":4},"end":{"line":10,"column":null}},"type":"if","locations":[{"start":{"line":8,"column":4},"end":{"line":10,"column":null}},{"start":{},"end":{}}],"line":8}},"s":{"0":2,"1":3,"2":1,"3":2,"4":2,"5":1,"6":1,"7":10,"8":1,"9":1},"f":{"0":3,"1":10},"b":{"0":[1,2]},"meta":{"lastBranch":1,"lastFunction":2,"lastStatement":10,"seen":{"s:5:30:53:Infinity":0,"f:5:30:5:36":0,"b:8:4:10:Infinity:undefined:undefined:undefined:undefined":0,"s:8:4:10:Infinity":1,"s:9:8:9:Infinity":2,"s:27:4:49:Infinity":3,"s:29:29:34:Infinity":4,"s:36:4:36:Infinity":5,"s:37:4:44:Infinity":6,"f:37:34:37:35":1,"s:37:43:44:Infinity":7,"s:47:8:47:Infinity":8,"s:48:8:48:Infinity":9}}}
,"C:\\laragon\\www\\REACT-FernandoHerrera\\JavaScript-TypeScript\\05-gifs-app-seguimiento\\src\\gifs\\api\\giphy.api.ts": {"path":"C:\\laragon\\www\\REACT-FernandoHerrera\\JavaScript-TypeScript\\05-gifs-app-seguimiento\\src\\gifs\\api\\giphy.api.ts","statementMap":{"0":{"start":{"line":6,"column":24},"end":{"line":12,"column":null}}},"fnMap":{},"branchMap":{},"s":{"0":3},"f":{},"b":{},"meta":{"lastBranch":0,"lastFunction":0,"lastStatement":1,"seen":{"s:6:24:12:Infinity":0}}}
,"C:\\laragon\\www\\REACT-FernandoHerrera\\JavaScript-TypeScript\\05-gifs-app-seguimiento\\src\\gifs\\components\\GiftList.tsx": {"path":"C:\\laragon\\www\\REACT-FernandoHerrera\\JavaScript-TypeScript\\05-gifs-app-seguimiento\\src\\gifs\\components\\GiftList.tsx","statementMap":{"0":{"start":{"line":8,"column":4},"end":{"line":13,"column":38}},"1":{"start":{"line":11,"column":26},"end":{"line":13,"column":38}}},"fnMap":{"0":{"name":"GiftList","decl":{"start":{"line":7,"column":24},"end":{"line":7,"column":33}},"loc":{"start":{"line":7,"column":48},"end":{"line":24,"column":null}},"line":7},"1":{"name":"(anonymous_1)","decl":{"start":{"line":11,"column":25},"end":{"line":11,"column":26}},"loc":{"start":{"line":11,"column":26},"end":{"line":13,"column":38}},"line":11}},"branchMap":{},"s":{"0":1,"1":0},"f":{"0":1,"1":0},"b":{},"meta":{"lastBranch":0,"lastFunction":2,"lastStatement":2,"seen":{"f:7:24:7:33":0,"s:8:4:13:38":0,"f:11:25:11:26":1,"s:11:26:13:38":1}}}
,"C:\\laragon\\www\\REACT-FernandoHerrera\\JavaScript-TypeScript\\05-gifs-app-seguimiento\\src\\gifs\\components\\PreviousSearches.tsx": {"path":"C:\\laragon\\www\\REACT-FernandoHerrera\\JavaScript-TypeScript\\05-gifs-app-seguimiento\\src\\gifs\\components\\PreviousSearches.tsx","statementMap":{"0":{"start":{"line":11,"column":4},"end":{"line":17,"column":39}},"1":{"start":{"line":16,"column":34},"end":{"line":17,"column":39}},"2":{"start":{"line":17,"column":54},"end":{"line":17,"column":77}}},"fnMap":{"0":{"name":"PreviousSearches","decl":{"start":{"line":10,"column":24},"end":{"line":10,"column":41}},"loc":{"start":{"line":10,"column":83},"end":{"line":24,"column":null}},"line":10},"1":{"name":"(anonymous_1)","decl":{"start":{"line":16,"column":33},"end":{"line":16,"column":34}},"loc":{"start":{"line":16,"column":34},"end":{"line":17,"column":39}},"line":16},"2":{"name":"(anonymous_2)","decl":{"start":{"line":17,"column":48},"end":{"line":17,"column":54}},"loc":{"start":{"line":17,"column":54},"end":{"line":17,"column":77}},"line":17}},"branchMap":{},"s":{"0":1,"1":0,"2":0},"f":{"0":1,"1":0,"2":0},"b":{},"meta":{"lastBranch":0,"lastFunction":3,"lastStatement":3,"seen":{"f:10:24:10:41":0,"s:11:4:17:39":0,"f:16:33:16:34":1,"s:16:34:17:39":1,"f:17:48:17:54":2,"s:17:54:17:77":2}}}
,"C:\\laragon\\www\\REACT-FernandoHerrera\\JavaScript-TypeScript\\05-gifs-app-seguimiento\\src\\gifs\\hoooks\\useGifs.tsx": {"path":"C:\\laragon\\www\\REACT-FernandoHerrera\\JavaScript-TypeScript\\05-gifs-app-seguimiento\\src\\gifs\\hoooks\\useGifs.tsx","statementMap":{"0":{"start":{"line":8,"column":16},"end":{"line":56,"column":null}},"1":{"start":{"line":10,"column":44},"end":{"line":10,"column":null}},"2":{"start":{"line":11,"column":27},"end":{"line":11,"column":null}},"3":{"start":{"line":14,"column":12},"end":{"line":14,"column":null}},"4":{"start":{"line":16,"column":32},"end":{"line":24,"column":null}},"5":{"start":{"line":17,"column":8},"end":{"line":20,"column":null}},"6":{"start":{"line":18,"column":12},"end":{"line":18,"column":null}},"7":{"start":{"line":19,"column":12},"end":{"line":19,"column":null}},"8":{"start":{"line":22,"column":21},"end":{"line":22,"column":null}},"9":{"start":{"line":23,"column":8},"end":{"line":23,"column":null}},"10":{"start":{"line":26,"column":27},"end":{"line":46,"column":null}},"11":{"start":{"line":27,"column":8},"end":{"line":27,"column":null}},"12":{"start":{"line":28,"column":8},"end":{"line":30,"column":null}},"13":{"start":{"line":29,"column":10},"end":{"line":29,"column":null}},"14":{"start":{"line":32,"column":8},"end":{"line":34,"column":null}},"15":{"start":{"line":33,"column":10},"end":{"line":33,"column":null}},"16":{"start":{"line":37,"column":8},"end":{"line":37,"column":null}},"17":{"start":{"line":39,"column":21},"end":{"line":39,"column":null}},"18":{"start":{"line":41,"column":8},"end":{"line":41,"column":null}},"19":{"start":{"line":42,"column":8},"end":{"line":42,"column":null}},"20":{"start":{"line":44,"column":8},"end":{"line":44,"column":null}},"21":{"start":{"line":49,"column":2},"end":{"line":55,"column":null}}},"fnMap":{"0":{"name":"(anonymous_0)","decl":{"start":{"line":8,"column":16},"end":{"line":8,"column":null}},"loc":{"start":{"line":8,"column":16},"end":{"line":56,"column":null}},"line":8},"1":{"name":"(anonymous_1)","decl":{"start":{"line":16,"column":32},"end":{"line":16,"column":38}},"loc":{"start":{"line":16,"column":38},"end":{"line":24,"column":null}},"line":16},"2":{"name":"(anonymous_2)","decl":{"start":{"line":26,"column":27},"end":{"line":26,"column":33}},"loc":{"start":{"line":26,"column":33},"end":{"line":46,"column":null}},"line":26}},"branchMap":{"0":{"loc":{"start":{"line":17,"column":8},"end":{"line":20,"column":null}},"type":"if","locations":[{"start":{"line":17,"column":8},"end":{"line":20,"column":null}},{"start":{},"end":{}}],"line":17},"1":{"loc":{"start":{"line":28,"column":8},"end":{"line":30,"column":null}},"type":"if","locations":[{"start":{"line":28,"column":8},"end":{"line":30,"column":null}},{"start":{},"end":{}}],"line":28},"2":{"loc":{"start":{"line":32,"column":8},"end":{"line":34,"column":null}},"type":"if","locations":[{"start":{"line":32,"column":8},"end":{"line":34,"column":null}},{"start":{},"end":{}}],"line":32}},"s":{"0":2,"1":18,"2":18,"3":18,"4":18,"5":2,"6":0,"7":0,"8":2,"9":2,"10":18,"11":10,"12":10,"13":0,"14":10,"15":0,"16":10,"17":10,"18":10,"19":10,"20":10,"21":18},"f":{"0":18,"1":2,"2":10},"b":{"0":[0,2],"1":[0,10],"2":[0,10]},"meta":{"lastBranch":3,"lastFunction":3,"lastStatement":22,"seen":{"s:8:16:56:Infinity":0,"f:8:16:8:Infinity":0,"s:10:44:10:Infinity":1,"s:11:27:11:Infinity":2,"s:14:12:14:Infinity":3,"s:16:32:24:Infinity":4,"f:16:32:16:38":1,"b:17:8:20:Infinity:undefined:undefined:undefined:undefined":0,"s:17:8:20:Infinity":5,"s:18:12:18:Infinity":6,"s:19:12:19:Infinity":7,"s:22:21:22:Infinity":8,"s:23:8:23:Infinity":9,"s:26:27:46:Infinity":10,"f:26:27:26:33":2,"s:27:8:27:Infinity":11,"b:28:8:30:Infinity:undefined:undefined:undefined:undefined":1,"s:28:8:30:Infinity":12,"s:29:10:29:Infinity":13,"b:32:8:34:Infinity:undefined:undefined:undefined:undefined":2,"s:32:8:34:Infinity":14,"s:33:10:33:Infinity":15,"s:37:8:37:Infinity":16,"s:39:21:39:Infinity":17,"s:41:8:41:Infinity":18,"s:42:8:42:Infinity":19,"s:44:8:44:Infinity":20,"s:49:2:55:Infinity":21}}}
,"C:\\laragon\\www\\REACT-FernandoHerrera\\JavaScript-TypeScript\\05-gifs-app-seguimiento\\src\\shared\\components\\CustomHeader.tsx": {"path":"C:\\laragon\\www\\REACT-FernandoHerrera\\JavaScript-TypeScript\\05-gifs-app-seguimiento\\src\\shared\\components\\CustomHeader.tsx","statementMap":{"0":{"start":{"line":8,"column":2},"end":{"line":13,"column":null}}},"fnMap":{"0":{"name":"CustomHeader","decl":{"start":{"line":7,"column":24},"end":{"line":7,"column":38}},"loc":{"start":{"line":7,"column":66},"end":{"line":20,"column":null}},"line":7}},"branchMap":{"0":{"loc":{"start":{"line":12,"column":12},"end":{"line":13,"column":null}},"type":"binary-expr","locations":[{"start":{"line":12,"column":12},"end":{"line":12,"column":null}},{"start":{"line":12,"column":12},"end":{"line":13,"column":null}}],"line":12}},"s":{"0":4},"f":{"0":4},"b":{"0":[4,2]},"meta":{"lastBranch":1,"lastFunction":1,"lastStatement":1,"seen":{"f:7:24:7:38":0,"s:8:2:13:Infinity":0,"b:12:12:12:Infinity:12:12:13:Infinity":0}}}
,"C:\\laragon\\www\\REACT-FernandoHerrera\\JavaScript-TypeScript\\05-gifs-app-seguimiento\\src\\shared\\components\\SearchBar.tsx": {"path":"C:\\laragon\\www\\REACT-FernandoHerrera\\JavaScript-TypeScript\\05-gifs-app-seguimiento\\src\\shared\\components\\SearchBar.tsx","statementMap":{"0":{"start":{"line":10,"column":25},"end":{"line":10,"column":null}},"1":{"start":{"line":12,"column":2},"end":{"line":20,"column":null}},"2":{"start":{"line":13,"column":22},"end":{"line":15,"column":null}},"3":{"start":{"line":14,"column":6},"end":{"line":14,"column":null}},"4":{"start":{"line":17,"column":4},"end":{"line":19,"column":null}},"5":{"start":{"line":18,"column":6},"end":{"line":18,"column":null}},"6":{"start":{"line":22,"column":22},"end":{"line":25,"column":null}},"7":{"start":{"line":23,"column":4},"end":{"line":23,"column":null}},"8":{"start":{"line":24,"column":4},"end":{"line":24,"column":null}},"9":{"start":{"line":28,"column":2},"end":{"line":41,"column":null}},"10":{"start":{"line":32,"column":32},"end":{"line":32,"column":null}},"11":{"start":{"line":34,"column":12},"end":{"line":36,"column":null}},"12":{"start":{"line":35,"column":14},"end":{"line":35,"column":null}}},"fnMap":{"0":{"name":"SearchBar","decl":{"start":{"line":8,"column":24},"end":{"line":8,"column":34}},"loc":{"start":{"line":8,"column":74},"end":{"line":45,"column":null}},"line":8},"1":{"name":"(anonymous_1)","decl":{"start":{"line":12,"column":12},"end":{"line":12,"column":null}},"loc":{"start":{"line":12,"column":12},"end":{"line":20,"column":7}},"line":12},"2":{"name":"(anonymous_2)","decl":{"start":{"line":13,"column":33},"end":{"line":13,"column":null}},"loc":{"start":{"line":13,"column":33},"end":{"line":15,"column":7}},"line":13},"3":{"name":"(anonymous_3)","decl":{"start":{"line":17,"column":11},"end":{"line":17,"column":null}},"loc":{"start":{"line":17,"column":11},"end":{"line":19,"column":null}},"line":17},"4":{"name":"(anonymous_4)","decl":{"start":{"line":22,"column":22},"end":{"line":22,"column":null}},"loc":{"start":{"line":22,"column":22},"end":{"line":25,"column":null}},"line":22},"5":{"name":"(anonymous_5)","decl":{"start":{"line":32,"column":20},"end":{"line":32,"column":21}},"loc":{"start":{"line":32,"column":32},"end":{"line":32,"column":null}},"line":32},"6":{"name":"(anonymous_6)","decl":{"start":{"line":33,"column":21},"end":{"line":33,"column":22}},"loc":{"start":{"line":33,"column":22},"end":{"line":37,"column":null}},"line":33}},"branchMap":{"0":{"loc":{"start":{"line":8,"column":35},"end":{"line":8,"column":57}},"type":"default-arg","locations":[{"start":{"line":8,"column":49},"end":{"line":8,"column":57}}],"line":8},"1":{"loc":{"start":{"line":34,"column":12},"end":{"line":36,"column":null}},"type":"if","locations":[{"start":{"line":34,"column":12},"end":{"line":36,"column":null}},{"start":{},"end":{}}],"line":34}},"s":{"0":5,"1":5,"2":5,"3":1,"4":5,"5":5,"6":5,"7":0,"8":0,"9":5,"10":1,"11":0,"12":0},"f":{"0":5,"1":5,"2":1,"3":5,"4":0,"5":1,"6":0},"b":{"0":[5],"1":[0,0]},"meta":{"lastBranch":2,"lastFunction":7,"lastStatement":13,"seen":{"f:8:24:8:34":0,"b:8:49:8:57":0,"s:10:25:10:Infinity":0,"s:12:2:20:Infinity":1,"f:12:12:12:Infinity":1,"s:13:22:15:Infinity":2,"f:13:33:13:Infinity":2,"s:14:6:14:Infinity":3,"s:17:4:19:Infinity":4,"f:17:11:17:Infinity":3,"s:18:6:18:Infinity":5,"s:22:22:25:Infinity":6,"f:22:22:22:Infinity":4,"s:23:4:23:Infinity":7,"s:24:4:24:Infinity":8,"s:28:2:41:Infinity":9,"f:32:20:32:21":5,"s:32:32:32:Infinity":10,"f:33:21:33:22":6,"b:34:12:36:Infinity:undefined:undefined:undefined:undefined":1,"s:34:12:36:Infinity":11,"s:35:14:35:Infinity":12}}}
,"C:\\laragon\\www\\REACT-FernandoHerrera\\JavaScript-TypeScript\\05-gifs-app-seguimiento\\tests\\mocks\\giphy.response.data.ts": {"path":"C:\\laragon\\www\\REACT-FernandoHerrera\\JavaScript-TypeScript\\05-gifs-app-seguimiento\\tests\\mocks\\giphy.response.data.ts","statementMap":{"0":{"start":{"line":1,"column":39},"end":{"line":2016,"column":null}}},"fnMap":{},"branchMap":{},"s":{"0":1},"f":{},"b":{},"meta":{"lastBranch":0,"lastFunction":0,"lastStatement":1,"seen":{"s:1:39:2016:Infinity":0}}}
}
